<?xml version="1.0" encoding="UTF-8"?>
<!-- Generated by org.testng.reporters.JUnitReportReporter -->
<testsuite skipped="1" hostname="DESKTOP-R3SH2VQ" name="com.miniproject.testcases.TC_DDF001" tests="1" failures="0" timestamp="22 Feb 2023 11:26:35 GMT" time="0.000" errors="0">
  <testcase name="loginddt" time="0.000" classname="com.miniproject.testcases.TC_DDF001">
    <skipped/>
  </testcase> <!-- loginddt -->
</testsuite> <!-- com.miniproject.testcases.TC_DDF001 -->
